"../../../Engine/Content/ArtTools/RenderToTexture/Enums/RenderToTexture_Enum.uasset" 0
"../../../Engine/Content/ArtTools/RenderToTexture/Enums/RenderToTexture_Flipbook_Enum.uasset" 1
"../../../Engine/Content/ArtTools/RenderToTexture/Enums/RenderToTexture_Imposter_Enum.uasset" 2
"../../../Engine/Content/EditorBlueprintResources/StandardMacros.uasset" 3
"../../../Engine/Content/ArtTools/RenderToTexture/Enums/EIntTypes.uasset" 4
"../../../Engine/Content/ArtTools/RenderToTexture/Macros/RenderToTextureFunctionLibrary.uasset" 5
"../../../Engine/Content/ArtTools/RenderToTexture/Enums/EFloatTypes.uasset" 6
"../../../Engine/Content/ArtTools/RenderToTexture/Macros/RenderToTextureMacros.uasset" 7
"../../../Engine/Content/Functions/Engine_MaterialFunctions01/Opacity/CameraDepthFade.uasset" 8
"../../../Engine/Content/EngineMaterials/T_Default_Material_Grid_M.uasset" 9
"../../../Engine/Content/EngineMaterials/T_Default_Material_Grid_N.uasset" 10
"../../../Engine/Content/EngineMaterials/WorldGridMaterial.uasset" 11
"../../../Engine/Content/ArtTools/RenderToTexture/Meshes/S_1_Unit_Plane.uasset" 12
"../../../Engine/Content/EngineMaterials/DefaultMaterial.uasset" 13
"../../../Engine/Content/BasicShapes/Cylinder.uasset" 14
"../../../Engine/Content/BasicShapes/Plane.uasset" 15
"../../../Engine/Content/EngineMaterials/DefaultPhysicalMaterial.uasset" 16
"../../../Engine/Content/BufferVisualization/AmbientOcclusion.uasset" 17
"../../../Engine/Content/BufferVisualization/BaseColor.uasset" 18
"../../../Engine/Content/BufferVisualization/CustomDepth.uasset" 19
"../../../Engine/Content/Functions/Engine_MaterialFunctions02/Utility/VectorLength.uasset" 20
"../../../Engine/Content/BufferVisualization/CustomDepthWorldUnits.uasset" 21
"../../../Engine/Content/Functions/Engine_MaterialFunctions02/Utility/BreakOutFloat2Components.uasset" 22
"../../../Engine/Content/Functions/Engine_MaterialFunctions01/Texturing/ScaleUVsByCenter.uasset" 23
"../../../Engine/Content/Functions/Engine_MaterialFunctions02/ScreenResolution.uasset" 24
"../../../Engine/Content/Functions/Engine_MaterialFunctions02/Texturing/ScreenAlignedUVs.uasset" 25
"../../../Engine/Content/Functions/Engine_MaterialFunctions02/Utility/MakeFloat2.uasset" 26
"../../../Engine/Content/Functions/Engine_MaterialFunctions02/Utility/MakeFloat3.uasset" 27
"../../../Engine/Content/EngineMaterials/MiniFont.uasset" 28
"../../../Engine/Content/BufferVisualization/CustomStencil.uasset" 29
"../../../Engine/Content/BufferVisualization/FinalImage.uasset" 30
"../../../Engine/Content/BufferVisualization/LightingModel.uasset" 31
"../../../Engine/Content/BufferVisualization/MaterialAO.uasset" 32
"../../../Engine/Content/BufferVisualization/Metallic.uasset" 33
"../../../Engine/Content/BufferVisualization/Opacity.uasset" 34
"../../../Engine/Content/BufferVisualization/PostTonemapHDRColor.uasset" 35
"../../../Engine/Content/BufferVisualization/PreTonemapHDRColor.uasset" 36
"../../../Engine/Content/BufferVisualization/Roughness.uasset" 37
"../../../Engine/Content/BufferVisualization/SceneColor.uasset" 38
"../../../Engine/Content/BufferVisualization/SceneDepth.uasset" 39
"../../../Engine/Content/BufferVisualization/SceneDepthWorldUnits.uasset" 40
"../../../Engine/Content/BufferVisualization/SeparateTranslucencyA.uasset" 41
"../../../Engine/Content/BufferVisualization/SeparateTranslucencyRGB.uasset" 42
"../../../Engine/Content/BufferVisualization/Specular.uasset" 43
"../../../Engine/Content/BufferVisualization/SubsurfaceColor.uasset" 44
"../../../Engine/Content/BufferVisualization/Velocity.uasset" 45
"../../../Engine/Content/BufferVisualization/WorldNormal.uasset" 46
"../../../Engine/Content/EditorBlueprintResources/ActorMacros.uasset" 47
"../../../Engine/Content/EditorLandscapeResources/DefaultAlphaTexture.uasset" 48
"../../../Engine/Content/EditorLandscapeResources/AlphaBrushMaterial.uasset" 49
"../../../Engine/Content/EditorLandscapeResources/AlphaBrushMaterial_Smooth.uasset" 50
"../../../Engine/Content/EditorLandscapeResources/CircleBrushMaterial.uasset" 51
"../../../Engine/Content/EditorLandscapeResources/CircleBrushMaterial_Linear.uasset" 52
"../../../Engine/Content/EditorLandscapeResources/CircleBrushMaterial_Smooth.uasset" 53
"../../../Engine/Content/EditorLandscapeResources/CircleBrushMaterial_Spherical.uasset" 54
"../../../Engine/Content/EditorLandscapeResources/CircleBrushMaterial_Tip.uasset" 55
"../../../Engine/Content/EditorLandscapeResources/DataLayer.uasset" 56
"../../../Engine/Content/Functions/Engine_MaterialFunctions01/Gradient/RadialGradient.uasset" 57
"../../../Engine/Content/EditorLandscapeResources/FlattenHeightMat.uasset" 58
"../../../Engine/Content/EditorLandscapeResources/FlattenPlaneMesh.uasset" 59
"../../../Engine/Content/Functions/Engine_MaterialFunctions01/ImageAdjustment/BlurSampleOffsets.uasset" 60
"../../../Engine/Content/Functions/Engine_MaterialFunctions02/SampleSceneDepth.uasset" 61
"../../../Engine/Content/Functions/Engine_MaterialFunctions02/Texturing/WorldPositionWithScale.uasset" 62
"../../../Engine/Content/Functions/Engine_MaterialFunctions02/Utility/CameraDirectionVector.uasset" 63
"../../../Engine/Content/Functions/Engine_MaterialFunctions02/Utility/LinearSine.uasset" 64
"../../../Engine/Content/Functions/Engine_MaterialFunctions02/UVs/WorldPositionBehindTranslucency.uasset" 65
"../../../Engine/Content/Functions/Engine_MaterialFunctions02/WorldPositionOffset/ObjectScale.uasset" 66
"../../../Engine/Content/EditorLandscapeResources/FoliageBrushSphereMaterial.uasset" 67
"../../../Engine/Content/EditorLandscapeResources/LandscapeGizmoHeight_Mat.uasset" 68
"../../../Engine/Content/EditorLandscapeResources/LandscapeGizmo_Mat.uasset" 69
"../../../Engine/Content/EditorLandscapeResources/LandscapeGizmo_Mat_Copied.uasset" 70
"../../../Engine/Content/EngineMaterials/DefaultDiffuse.uasset" 71
"../../../Engine/Content/Functions/Engine_MaterialFunctions01/Texturing/TextureCropping.uasset" 72
"../../../Engine/Content/Functions/Engine_MaterialFunctions02/ExampleContent/DebugNumberStrip.uasset" 73
"../../../Engine/Content/Functions/Engine_MaterialFunctions01/Debug/DebugIntValues.uasset" 74
"../../../Engine/Content/Functions/Engine_MaterialFunctions02/WorldPositionOffset/LocalPosition.uasset" 75
"../../../Engine/Content/EditorLandscapeResources/LandscapeLayerUsageMaterial.uasset" 76
"../../../Engine/Content/EditorLandscapeResources/LandscapeThumbnailHeightmap.uasset" 77
"../../../Engine/Content/EditorLandscapeResources/LandscapeThumbnailWeightmap.uasset" 78
"../../../Engine/Content/EditorLandscapeResources/WhiteSquareTexture.uasset" 79
"../../../Engine/Content/EditorLandscapeResources/LayerVisMaterial.uasset" 80
"../../../Engine/Content/EditorLandscapeResources/MaskBrushMaterial.uasset" 81
"../../../Engine/Content/EditorLandscapeResources/MaskBrushMaterial_Gizmo.uasset" 82
"../../../Engine/Content/EditorLandscapeResources/MaskBrushMaterial_MaskedRegion.uasset" 83
"../../../Engine/Content/EditorLandscapeResources/MirrorPlaneMaterial.uasset" 84
"../../../Engine/Content/EditorLandscapeResources/PatternBrushMaterial_Smooth.uasset" 85
"../../../Engine/Content/EditorLandscapeResources/SelectBrushMaterial.uasset" 86
"../../../Engine/Content/EditorLandscapeResources/SelectBrushMaterial_Selected.uasset" 87
"../../../Engine/Content/EditorLandscapeResources/SelectBrushMaterial_SelectedRegion.uasset" 88
"../../../Engine/Content/EditorLandscapeResources/SplineEditorMeshMat.uasset" 89
"../../../Engine/Content/EditorLandscapeResources/SplineEditorMesh.uasset" 90
"../../../Engine/Content/EditorMaterials/Cross.uasset" 91
"../../../Engine/Content/EditorMaterials/Cross_Mat.uasset" 92
"../../../Engine/Content/EditorMaterials/GizmoMaterial.uasset" 93
"../../../Engine/Content/Functions/Engine_MaterialFunctions02/ExampleContent/Textures/flipbook.uasset" 94
"../../../Engine/Content/Functions/Engine_MaterialFunctions02/Texturing/FlipBook.uasset" 95
"../../../Engine/Content/Functions/Engine_MaterialFunctions02/Utility/Sign.uasset" 96
"../../../Engine/Content/Functions/Engine_MaterialFunctions02/Utility/Round.uasset" 97
"../../../Engine/Content/EditorResources/T_EditorHelp.uasset" 98
"../../../Engine/Content/EditorMaterials/HelpActorMaterial.uasset" 99
"../../../Engine/Content/EditorMaterials/CompositeARGBLayer.uasset" 100
"../../../Engine/Content/EditorMaterials/TilingAALineIntegral.uasset" 101
"../../../Engine/Content/EditorMaterials/TilingAALineBoxFiltered.uasset" 102
"../../../Engine/Content/Functions/Engine_MaterialFunctions03/Procedurals/ComputeFilterWidth.uasset" 103
"../../../Engine/Content/EditorMaterials/TilingAADots.uasset" 104
"../../../Engine/Content/EngineMaterials/BlendFunc_DefBase.uasset" 105
"../../../Engine/Content/EngineMaterials/BlendFunc_DefBlend.uasset" 106
"../../../Engine/Content/Functions/Engine_MaterialFunctions03/Blends/Blend_Screen.uasset" 107
"../../../Engine/Content/EditorMaterials/TilingAAGrid.uasset" 108
"../../../Engine/Content/EditorMaterials/LevelGridMaterial.uasset" 109
"../../../Engine/Content/EditorMaterials/MakeCompositeARGBLayer.uasset" 110
"../../../Engine/Content/EditorResources/LevelGrid1DStripes.uasset" 111
"../../../Engine/Content/EditorMaterials/TextureGridCascaded1D.uasset" 112
"../../../Engine/Content/EditorMaterials/TextureGridCascaded2D.uasset" 113
"../../../Engine/Content/EditorMaterials/LevelGridMaterial2.uasset" 114
"../../../Engine/Content/EditorMaterials/MAT_Groups_Toggle.uasset" 115
"../../../Engine/Content/EditorMaterials/MAT_Groups_Visibility.uasset" 116
"../../../Engine/Content/EditorMaterials/AntialiasedGridFloor.uasset" 117
"../../../Engine/Content/EditorResources/TilePatine_D.uasset" 118
"../../../Engine/Content/EditorResources/TilePatine_N.uasset" 119
"../../../Engine/Content/EngineMaterials/Grid.uasset" 120
"../../../Engine/Content/EditorMaterials/PersonaFloorMat.uasset" 121
"../../../Engine/Content/EditorMaterials/PhAT_BoneSelectedMaterial.uasset" 122
"../../../Engine/Content/EditorMaterials/PhAT_ElemSelectedMaterial.uasset" 123
"../../../Engine/Content/EditorMaterials/PhAT_NoCollisionMaterial.uasset" 124
"../../../Engine/Content/EditorMaterials/PhAT_UnselectedMaterial.uasset" 125
"../../../Engine/Content/EditorMaterials/PreviewShadowIndicator.uasset" 126
"../../../Engine/Content/EditorMaterials/PreviewShadowIndicatorMaterial.uasset" 127
"../../../Engine/Content/EditorMaterials/TargetIcon.uasset" 128
"../../../Engine/Content/EditorMaterials/Tick.uasset" 129
"../../../Engine/Content/EditorMaterials/Tick_Mat.uasset" 130
"../../../Engine/Content/EditorMaterials/WidgetGridVertexColorMaterial.uasset" 131
"../../../Engine/Content/EditorMaterials/WidgetGridVertexColorMaterial_Ma.uasset" 132
"../../../Engine/Content/EditorMaterials/WidgetMaterial.uasset" 133
"../../../Engine/Content/EditorMaterials/WidgetMaterial_Current.uasset" 134
"../../../Engine/Content/EditorMaterials/WidgetMaterial_X.uasset" 135
"../../../Engine/Content/EditorMaterials/WidgetMaterial_Y.uasset" 136
"../../../Engine/Content/EditorMaterials/WidgetMaterial_Z.uasset" 137
"../../../Engine/Content/EditorMaterials/WidgetVertexColorMaterial.uasset" 138
"../../../Engine/Content/EditorMaterials/AssetViewer/EpicQuadPanorama_CC+EV1.uasset" 139
"../../../Engine/Content/MapTemplates/Sky/SunsetAmbientCubemap.uasset" 140
"../../../Engine/Content/EditorMaterials/AssetViewer/M_SkyBox.uasset" 141
"../../../Engine/Content/EditorMaterials/MatineeGroups/MAT_ColorTrack.uasset" 142
"../../../Engine/Content/EditorMaterials/MatineeGroups/MAT_Groups_Anim.uasset" 143
"../../../Engine/Content/EditorMaterials/MatineeGroups/MAT_Groups_AudioMaster.uasset" 144
"../../../Engine/Content/EditorMaterials/MatineeGroups/MAT_Groups_Director.uasset" 145
"../../../Engine/Content/EditorMaterials/MatineeGroups/MAT_Groups_Event.uasset" 146
"../../../Engine/Content/EditorMaterials/MatineeGroups/MAT_Groups_Fade.uasset" 147
"../../../Engine/Content/EditorMaterials/MatineeGroups/MAT_Groups_Float.uasset" 148
"../../../Engine/Content/EditorMaterials/MatineeGroups/MAT_Groups_Move.uasset" 149
"../../../Engine/Content/EditorMaterials/MatineeGroups/MAT_Groups_Slomo.uasset" 150
"../../../Engine/Content/EditorMaterials/MatineeGroups/MAT_Groups_Sound.uasset" 151
"../../../Engine/Content/EditorMaterials/MatineeGroups/MAT_Groups_Vector.uasset" 152
"../../../Engine/Content/EditorMaterials/ParticleSystems/PSysThumbnail_NoImage.uasset" 153
"../../../Engine/Content/EditorMaterials/ParticleSystems/PSysThumbnail_OOD.uasset" 154
"../../../Engine/Content/EditorMaterials/Thumbnails/FloorPlaneMaterial.uasset" 155
"../../../Engine/Content/EditorMeshes/EditorCube.uasset" 156
"../../../Engine/Content/EditorMeshes/EditorCylinder.uasset" 157
"../../../Engine/Content/EditorMeshes/EditorPlane.uasset" 158
"../../../Engine/Content/EditorMaterials/Thumbnails/SkySphereMaterial.uasset" 159
"../../../Engine/Content/EditorMeshes/EditorSkySphere.uasset" 160
"../../../Engine/Content/EditorMeshes/EditorSphere.uasset" 161
"../../../Engine/Content/EditorResources/MatineeCam_D.uasset" 162
"../../../Engine/Content/EditorMaterials/MatineeCam_mat.uasset" 163
"../../../Engine/Content/EditorMeshes/MatineeCam_SM.uasset" 164
"../../../Engine/Content/Functions/Engine_MaterialFunctions01/Shading/ConvertFromDiffSpec.uasset" 165
"../../../Engine/Content/EditorMaterials/GridMaterial.uasset" 166
"../../../Engine/Content/EditorMeshes/PhAT_FloorBox.uasset" 167
"../../../Engine/Content/EditorMeshes/PlanarReflectionPlane.uasset" 168
"../../../Engine/Content/EditorMeshes/AssetViewer/Floor_Mesh.uasset" 169
"../../../Engine/Content/EditorMeshes/AssetViewer/Sphere_inversenormals.uasset" 170
"../../../Engine/Content/EditorMaterials/Camera/CineMat.uasset" 171
"../../../Engine/Content/EditorMaterials/Camera/MI_CineMat_CameraBody.uasset" 172
"../../../Engine/Content/EngineDebugMaterials/M_SimpleOpaque.uasset" 173
"../../../Engine/Content/EditorMaterials/Camera/MI_CineMat_CamViewFinder.uasset" 174
"../../../Engine/Content/EditorMeshes/Camera/SM_CineCam.uasset" 175
"../../../Engine/Content/EditorMaterials/Camera/MI_CineMat_Rig.uasset" 176
"../../../Engine/Content/EditorMeshes/Camera/SM_CraneRig_Arm.uasset" 177
"../../../Engine/Content/EditorMeshes/Camera/SM_CraneRig_Base.uasset" 178
"../../../Engine/Content/EditorMeshes/Camera/SM_CraneRig_Body.uasset" 179
"../../../Engine/Content/EditorMeshes/Camera/SM_CraneRig_Mount.uasset" 180
"../../../Engine/Content/EditorMeshes/Camera/SM_RailRig_Mount.uasset" 181
"../../../Engine/Content/EditorMeshes/Camera/SM_RailRig_Track.uasset" 182
"../../../Engine/Content/EditorMeshes/ColorCalibrator/M_ChromeBall.uasset" 183
"../../../Engine/Content/EditorResources/Bad.uasset" 184
"../../../Engine/Content/EditorResources/BSPVertex.uasset" 185
"../../../Engine/Content/EditorResources/EmptyActor.uasset" 186
"../../../Engine/Content/EditorResources/MatInstActSprite.uasset" 187
"../../../Engine/Content/EditorResources/SceneManager.uasset" 188
"../../../Engine/Content/EditorResources/SimplygonLogo.uasset" 189
"../../../Engine/Content/EditorResources/SmallFont.uasset" 190
"../../../Engine/Content/EditorResources/S_Actor.uasset" 191
"../../../Engine/Content/EditorResources/S_DecalActorIcon.uasset" 192
"../../../Engine/Content/EditorResources/S_Emitter.uasset" 193
"../../../Engine/Content/EditorResources/S_ExpoHeightFog.uasset" 194
"../../../Engine/Content/EditorResources/S_FTest.uasset" 195
"../../../Engine/Content/EditorResources/S_KBSJoint.uasset" 196
"../../../Engine/Content/EditorResources/S_KHinge.uasset" 197
"../../../Engine/Content/EditorResources/S_KPrismatic.uasset" 198
"../../../Engine/Content/EditorResources/S_LevelSequence.uasset" 199
"../../../Engine/Content/EditorResources/S_NavP.uasset" 200
"../../../Engine/Content/EditorResources/S_Note.uasset" 201
"../../../Engine/Content/EditorResources/S_Player.uasset" 202
"../../../Engine/Content/EditorResources/S_PortalActorIcon2.uasset" 203
"../../../Engine/Content/EditorResources/S_RadForce.uasset" 204
"../../../Engine/Content/EditorResources/S_ReflActorIcon.uasset" 205
"../../../Engine/Content/EditorResources/S_Terrain.uasset" 206
"../../../Engine/Content/EditorResources/S_TextRenderActorIcon.uasset" 207
"../../../Engine/Content/EditorResources/S_Thruster.uasset" 208
"../../../Engine/Content/EditorResources/S_Trigger.uasset" 209
"../../../Engine/Content/EditorResources/S_VectorFieldVol.uasset" 210
"../../../Engine/Content/EditorResources/S_WindDirectional.uasset" 211
"../../../Engine/Content/EditorResources/AI/S_NavLink.uasset" 212
"../../../Engine/Content/EditorResources/AudioIcons/S_AudioComponent_AutoActivate.uasset" 213
"../../../Engine/Content/EditorResources/LightIcons/SkyLight.uasset" 214
"../../../Engine/Content/EditorResources/LightIcons/S_LightDirectional.uasset" 215
"../../../Engine/Content/EditorResources/LightIcons/S_LightDirectionalMove.uasset" 216
"../../../Engine/Content/EditorResources/LightIcons/S_LightError.uasset" 217
"../../../Engine/Content/EditorResources/LightIcons/S_LightPoint.uasset" 218
"../../../Engine/Content/EditorResources/LightIcons/S_LightPointMove.uasset" 219
"../../../Engine/Content/EditorResources/LightIcons/S_LightSpot.uasset" 220
"../../../Engine/Content/EditorResources/LightIcons/S_LightSpotMove.uasset" 221
"../../../Engine/Content/EditorResources/SequenceRecorder/Countdown.uasset" 222
"../../../Engine/Content/EditorResources/SequenceRecorder/RecordingIndicator.uasset" 223
"../../../Engine/Content/EditorResources/Spline/T_Loft_Spline.uasset" 224
"../../../Engine/Content/EditorSounds/Notifications/CompileFailed.uasset" 225
"../../../Engine/Content/EditorSounds/Notifications/CompileFailed_Cue.uasset" 226
"../../../Engine/Content/EditorSounds/Notifications/CompileSuccess.uasset" 227
"../../../Engine/Content/EditorSounds/Notifications/CompileStart_Cue.uasset" 228
"../../../Engine/Content/EditorSounds/Notifications/CompileSuccess_Cue.uasset" 229
"../../../Engine/Content/EngineDamageTypes/DmgTypeBP_Environmental.uasset" 230
"../../../Engine/Content/EngineDebugMaterials/HeatmapGradient.uasset" 231
"../../../Engine/Content/EngineDebugMaterials/BoneWeightMaterial.uasset" 232
"../../../Engine/Content/EngineDebugMaterials/ClothMaterial.uasset" 233
"../../../Engine/Content/EngineDebugMaterials/ClothMaterial_WF.uasset" 234
"../../../Engine/Content/EngineDebugMaterials/DebugEditorMaterial.uasset" 235
"../../../Engine/Content/EngineDebugMaterials/DebugMeshMaterial.uasset" 236
"../../../Engine/Content/EngineDebugMaterials/GeomMaterial.uasset" 237
"../../../Engine/Content/EngineDebugMaterials/LevelColorationLitMaterial.uasset" 238
"../../../Engine/Content/EngineDebugMaterials/LevelColorationUnlitMaterial.uasset" 239
"../../../Engine/Content/EngineMaterials/DefaultWhiteGrid.uasset" 240
"../../../Engine/Content/EngineDebugMaterials/MAT_LevelColorationLitLightmapUV.uasset" 241
"../../../Engine/Content/EngineDebugMaterials/M_SimpleTranslucent.uasset" 242
"../../../Engine/Content/EngineDebugMaterials/ShadedLevelColorationLitMaterial.uasset" 243
"../../../Engine/Content/EngineDebugMaterials/ShadedLevelColorationUnlitMateri.uasset" 244
"../../../Engine/Content/EngineDebugMaterials/VertexColorMaterial.uasset" 245
"../../../Engine/Content/EngineDebugMaterials/VertexColorViewMode_AlphaAsColor.uasset" 246
"../../../Engine/Content/EngineDebugMaterials/VertexColorViewMode_BlueOnly.uasset" 247
"../../../Engine/Content/EngineDebugMaterials/VertexColorViewMode_ColorOnly.uasset" 248
"../../../Engine/Content/EngineDebugMaterials/VertexColorViewMode_GreenOnly.uasset" 249
"../../../Engine/Content/EngineDebugMaterials/VertexColorViewMode_RedOnly.uasset" 250
"../../../Engine/Content/EngineDebugMaterials/WireframeMaterial.uasset" 251
"../../../Engine/Content/EngineFonts/Faces/RobotoBold.uasset" 252
"../../../Engine/Content/EngineFonts/Faces/RobotoBoldItalic.uasset" 253
"../../../Engine/Content/EngineFonts/Faces/RobotoItalic.uasset" 254
"../../../Engine/Content/EngineFonts/Faces/RobotoLight.uasset" 255
"../../../Engine/Content/EngineFonts/Faces/RobotoRegular.uasset" 256
"../../../Engine/Content/EngineFonts/Roboto.uasset" 257
"../../../Engine/Content/EngineFonts/Faces/RobotoTiny.uasset" 258
"../../../Engine/Content/EngineFonts/RobotoTiny.uasset" 259
"../../../Engine/Content/EngineFonts/SmallFont.uasset" 260
"../../../Engine/Content/EngineFonts/TinyFont.uasset" 261
"../../../Engine/Content/EngineMaterials/BaseFlattenDiffuseMap.uasset" 262
"../../../Engine/Content/EngineMaterials/BaseFlattenEmissiveMap.uasset" 263
"../../../Engine/Content/EngineMaterials/BaseFlattenGrayscaleMap.uasset" 264
"../../../Engine/Content/EngineMaterials/BaseFlattenNormalMap.uasset" 265
"../../../Engine/Content/EngineMaterials/BaseFlattenMaterial.uasset" 266
"../../../Engine/Content/EngineResources/WhiteSquareTexture.uasset" 267
"../../../Engine/Content/EngineMaterials/BlinkingCaret.uasset" 268
"../../../Engine/Content/EngineMaterials/DefaultBloomKernel.uasset" 269
"../../../Engine/Content/EngineMaterials/DefaultBokeh.uasset" 270
"../../../Engine/Content/EngineMaterials/DefaultDeferredDecalMaterial.uasset" 271
"../../../Engine/Content/EngineMaterials/DefaultLightFunctionMaterial.uasset" 272
"../../../Engine/Content/EngineMaterials/DefaultNormal.uasset" 273
"../../../Engine/Content/EngineMaterials/DefaultPostProcessMaterial.uasset" 274
"../../../Engine/Content/EngineFonts/RobotoDistanceField.uasset" 275
"../../../Engine/Content/EngineMaterials/DefaultTextMaterialOpaque.uasset" 276
"../../../Engine/Content/EngineMaterials/EditorBrushMaterial.uasset" 277
"../../../Engine/Content/EngineMaterials/Good64x64TilingNoiseHighFreq.uasset" 278
"../../../Engine/Content/EngineMaterials/Grid_N.uasset" 279
"../../../Engine/Content/EngineMaterials/HighResolutionScreenshotMaskFunction.uasset" 280
"../../../Engine/Content/EngineMaterials/HighResScreenshot.uasset" 281
"../../../Engine/Content/EngineMaterials/HighResScreenshotCaptureRegion.uasset" 282
"../../../Engine/Content/EngineMaterials/HighResScreenshotMask.uasset" 283
"../../../Engine/Content/EngineMaterials/LandscapeHolePhysicalMaterial.uasset" 284
"../../../Engine/Content/EngineMaterials/InvalidLightmapSettings.uasset" 285
"../../../Engine/Content/EngineMaterials/M_InvalidLightmapSettings.uasset" 286
"../../../Engine/Content/EngineMaterials/PaperDiffuse.uasset" 287
"../../../Engine/Content/EngineMaterials/PaperNormal.uasset" 288
"../../../Engine/Content/Functions/Engine_MaterialFunctions02/WorldPositionOffset/CameraOffset.uasset" 289
"../../../Engine/Content/EngineMaterials/PhAT_JointLimitMaterial.uasset" 290
"../../../Engine/Content/EngineMaterials/PhysMat_Rubber.uasset" 291
"../../../Engine/Content/EngineMaterials/PreintegratedSkinBRDF.uasset" 292
"../../../Engine/Content/EngineMaterials/RemoveSurfaceMaterial.uasset" 293
"../../../Engine/Content/EngineMaterials/WeightMapPlaceholderTexture.uasset" 294
"../../../Engine/Content/EngineMaterials/Widget3DPassThrough.uasset" 295
"../../../Engine/Content/EngineMaterials/Widget3DPassThrough_Masked.uasset" 296
"../../../Engine/Content/EngineMaterials/Widget3DPassThrough_Opaque.uasset" 297
"../../../Engine/Content/EngineMaterials/Widget3DPassThrough_Masked_OneSided.uasset" 298
"../../../Engine/Content/EngineMaterials/Widget3DPassThrough_Opaque_OneSided.uasset" 299
"../../../Engine/Content/EngineMaterials/Widget3DPassThrough_Translucent.uasset" 300
"../../../Engine/Content/EngineMaterials/Widget3DPassThrough_Translucent_OneSided.uasset" 301
"../../../Engine/Content/EngineMeshes/Cube.uasset" 302
"../../../Engine/Content/EngineMeshes/Cylinder.uasset" 303
"../../../Engine/Content/EngineMeshes/Sphere.uasset" 304
"../../../Engine/Content/EngineResources/Black.uasset" 305
"../../../Engine/Content/EngineResources/DefaultTexture.uasset" 306
"../../../Engine/Content/EngineResources/DefaultTextureCube.uasset" 307
"../../../Engine/Content/EngineResources/DefaultVolumeTexture2D.uasset" 308
"../../../Engine/Content/EngineResources/DefaultVolumeTexture.uasset" 309
"../../../Engine/Content/EngineResources/GradientTexture0.uasset" 310
"../../../Engine/Content/EngineResources/StreamingPauseIcon.uasset" 311
"../../../Engine/Content/EngineResources/M_StreamingPause.uasset" 312
"../../../Engine/Content/EngineSounds/Master.uasset" 313
"../../../Engine/Content/Functions/Engine_MaterialFunctions01/Shading/PowerToRoughness.uasset" 314
"../../../Engine/Content/Maps/Templates/Thumbnails/Default.uasset" 315
"../../../Engine/Content/Maps/Templates/Thumbnails/VR-Basic.uasset" 316
"../../../Engine/Content/MapTemplates/Sky/DaylightAmbientCubemap.uasset" 317
"../../../Engine/Content/MobileResources/T_MobileControls_texture.uasset" 318
"../../../Engine/Content/MobileResources/T_MobileMenu2.uasset" 319
"../../../Engine/Content/MobileResources/HUD/AnalogHat.uasset" 320
"../../../Engine/Content/MobileResources/HUD/VirtualJoystick_Background.uasset" 321
"../../../Engine/Content/MobileResources/HUD/VirtualJoystick_Thumb.uasset" 322
"../../../Engine/Content/MobileResources/HUD/DefaultVirtualJoysticks.uasset" 323
"../../../Engine/Content/MobileResources/HUD/LeftVirtualJoystickOnly.uasset" 324
"../../../Engine/Content/MobileResources/HUD/MobileHUDButton1_off.uasset" 325
"../../../Engine/Content/MobileResources/HUD/MobileHUDButton1_on.uasset" 326
"../../../Engine/Content/MobileResources/HUD/MobileHUDButton2_off.uasset" 327
"../../../Engine/Content/MobileResources/HUD/MobileHUDButton2_on.uasset" 328
"../../../Engine/Content/MobileResources/HUD/MobileHUDButton3.uasset" 329
"../../../Engine/Content/MobileResources/HUD/MobileHUDButtonFire.uasset" 330
"../../../Engine/Content/MobileResources/HUD/MobileHUDDirectionPad.uasset" 331
"../../../Engine/Content/MobileResources/HUD/MobileHUDDirectionPad2.uasset" 332
"../../../Engine/Content/MobileResources/HUD/MobileHUDDirectionPad3.uasset" 333
"../../../Engine/Content/MobileResources/HUD/MobileHUDDirectionStick.uasset" 334
"../../../Engine/Content/MobileResources/HUD/T_Castle_ThumbstickInner.uasset" 335
"../../../Engine/Content/MobileResources/HUD/T_Castle_ThumbstickOutter.uasset" 336
"../../../Engine/Content/Tutorial/ContentIntroCurve.uasset" 337
"../../../Engine/Content/Tutorial/Basics/LevelEditorAttract.uasset" 338
"../../../Engine/Content/Tutorial/Basics/TutorialAssets/icon_tab_Levels_40x.uasset" 339
"../../../Engine/Content/Tutorial/Basics/LevelEditorOverview.uasset" 340
"../../../Engine/Content/Tutorial/BlueprintTutorials/TutorialAssets/Blueprint_64x.uasset" 341
"../../../Engine/Content/Tutorial/BlueprintTutorials/BlueprintEditorTutorial.uasset" 342
"../../../Engine/Content/Tutorial/BlueprintTutorials/LevelBlueprintEditorOverview.uasset" 343
"../../../Engine/Content/Tutorial/BlueprintTutorials/TutorialAssets/Tutorial_BP_MacroLib.uasset" 344
"../../../Engine/Content/Tutorial/Foliage/TutorialAssets/Foliage.uasset" 345
"../../../Engine/Content/Tutorial/Foliage/Foliage_Intro_Tutorial.uasset" 346
"../../../Engine/Content/Tutorial/Foliage/Foliage_Settings_Tutorial.uasset" 347
"../../../Engine/Content/Tutorial/Foliage/Foliage_Using_The_Tool_Tutorial.uasset" 348
"../../../Engine/Content/Tutorial/Landscape/TutorialAssets/Landscape.uasset" 349
"../../../Engine/Content/Tutorial/Landscape/LandscapeWalkThrough.uasset" 350
"../../../Engine/Content/Tutorial/Landscape/Landscape_Manage_Mode.uasset" 351
"../../../Engine/Content/Tutorial/Landscape/Landscape_Painting_Mode.uasset" 352
"../../../Engine/Content/Tutorial/Landscape/Landscape_Sculpt_Mode.uasset" 353
"../../../Engine/Content/Tutorial/SubEditors/StaticMeshEditorTutorial.uasset" 354
"../../../Engine/Content/VREditor/LaserPointer/VR_LaserPower_01.uasset" 355
"../../../Engine/Content/VREditor/TransformGizmo/TransformGizmoMaterial.uasset" 356
"../../../Engine/Content/VREditor/TransformGizmo/TranslucentTransformGizmoMaterial.uasset" 357
"../../../Engine/Content/VREditor/TransformGizmo/BoundingBoxCorner.uasset" 358
"../../../Engine/Content/VREditor/TransformGizmo/BoundingBoxEdge.uasset" 359
"../../../Engine/Content/VREditor/TransformGizmo/PlaneTranslationHandle.uasset" 360
"../../../Engine/Content/VREditor/TransformGizmo/Main.uasset" 361
"../../../Engine/Content/VREditor/TransformGizmo/Xray.uasset" 362
"../../../Engine/Content/VREditor/TransformGizmo/SM_Sequencer_Key.uasset" 363
"../../../Engine/Content/VREditor/TransformGizmo/SM_Sequencer_Node.uasset" 364
"../../../Engine/Content/Animation/DefaultAnimCurveCompressionSettings.uasset" 365
"../../../../../../Users/user/Documents/Unreal Projects/TutoNico/Content/StarterContent/Materials/M_Basic_Floor.uasset" 366
"../../../../../../Users/user/Documents/Unreal Projects/TutoNico/Content/StarterContent/Architecture/Floor_400x400.uasset" 367
"../../../../../../Users/user/Documents/Unreal Projects/TutoNico/Content/StarterContent/Audio/Starter_Background_Cue.uasset" 368
"../../../../../../Users/user/Documents/Unreal Projects/TutoNico/Content/StarterContent/Audio/Starter_Birds01.uasset" 369
"../../../../../../Users/user/Documents/Unreal Projects/TutoNico/Content/StarterContent/Audio/Starter_Wind05.uasset" 370
"../../../../../../Users/user/Documents/Unreal Projects/TutoNico/Content/StarterContent/Audio/Starter_Wind06.uasset" 371
"../../../../../../Users/user/Documents/Unreal Projects/TutoNico/Content/StarterContent/Textures/T_MacroVariation.uasset" 372
"../../../../../../Users/user/Documents/Unreal Projects/TutoNico/Content/StarterContent/Materials/M_Metal_Brushed_Nickel.uasset" 373
"../../../../../../Users/user/Documents/Unreal Projects/TutoNico/Content/StarterContent/Textures/T_Metal_Aluminum_D.uasset" 374
"../../../../../../Users/user/Documents/Unreal Projects/TutoNico/Content/StarterContent/Textures/T_Metal_Gold_N.uasset" 375
"../../../../../../Users/user/Documents/Unreal Projects/TutoNico/Content/StarterContent/Materials/M_Metal_Burnished_Steel.uasset" 376
"../../../../../../Users/user/Documents/Unreal Projects/TutoNico/Content/StarterContent/Textures/T_Metal_Copper_D.uasset" 377
"../../../../../../Users/user/Documents/Unreal Projects/TutoNico/Content/StarterContent/Materials/M_Metal_Copper.uasset" 378
"../../../../../../Users/user/Documents/Unreal Projects/TutoNico/Content/StarterContent/Textures/T_Chair_M.uasset" 379
"../../../../../../Users/user/Documents/Unreal Projects/TutoNico/Content/StarterContent/Textures/T_Chair_N.uasset" 380
"../../../../../../Users/user/Documents/Unreal Projects/TutoNico/Content/StarterContent/Props/Materials/M_Chair.uasset" 381
"../../../../../../Users/user/Documents/Unreal Projects/TutoNico/Content/StarterContent/Props/SM_Chair.uasset" 382
"../../../../../../Users/user/Documents/Unreal Projects/TutoNico/Content/StarterContent/Textures/T_Statue_M.uasset" 383
"../../../../../../Users/user/Documents/Unreal Projects/TutoNico/Content/StarterContent/Textures/T_Statue_N.uasset" 384
"../../../../../../Users/user/Documents/Unreal Projects/TutoNico/Content/StarterContent/Props/Materials/M_Statue.uasset" 385
"../../../../../../Users/user/Documents/Unreal Projects/TutoNico/Content/StarterContent/Props/Materials/M_StatueGlass.uasset" 386
"../../../../../../Users/user/Documents/Unreal Projects/TutoNico/Content/StarterContent/Props/SM_Statue.uasset" 387
"../../../../../../Users/user/Documents/Unreal Projects/TutoNico/Content/StarterContent/Textures/T_TableRound_M.uasset" 388
"../../../../../../Users/user/Documents/Unreal Projects/TutoNico/Content/StarterContent/Textures/T_TableRound_N.uasset" 389
"../../../../../../Users/user/Documents/Unreal Projects/TutoNico/Content/StarterContent/Props/Materials/M_TableRound.uasset" 390
"../../../../../../Users/user/Documents/Unreal Projects/TutoNico/Content/StarterContent/Props/SM_TableRound.uasset" 391
"../../../../../../Users/user/Documents/Unreal Projects/TutoNico/Content/Mannequin/Character/Mesh/UE4_Mannequin_Skeleton.uasset" 392
"../../../../../../Users/user/Documents/Unreal Projects/TutoNico/Content/Mannequin/Animations/ThirdPerson_Jump.uasset" 393
"../../../../../../Users/user/Documents/Unreal Projects/TutoNico/Content/Mannequin/Animations/ThirdPersonJump_Loop.uasset" 394
"../../../../../../Users/user/Documents/Unreal Projects/TutoNico/Content/Mannequin/Animations/ThirdPersonJump_Start.uasset" 395
"../../../../../../Users/user/Documents/Unreal Projects/TutoNico/Content/Mannequin/Animations/ThirdPersonIdle.uasset" 396
"../../../../../../Users/user/Documents/Unreal Projects/TutoNico/Content/Mannequin/Animations/ThirdPersonRun.uasset" 397
"../../../../../../Users/user/Documents/Unreal Projects/TutoNico/Content/Mannequin/Animations/ThirdPersonWalk.uasset" 398
"../../../../../../Users/user/Documents/Unreal Projects/TutoNico/Content/Mannequin/Animations/ThirdPerson_IdleRun_2D.uasset" 399
"../../../../../../Users/user/Documents/Unreal Projects/TutoNico/Content/Mannequin/Animations/ThirdPerson_AnimBP.uasset" 400
"../../../Engine/Content/Functions/Engine_MaterialFunctions02/Utility/BlendAngleCorrectedNormals.uasset" 401
"../../../Engine/Content/Functions/MaterialLayerFunctions/MatLayerBlend_NormalBlend.uasset" 402
"../../../Engine/Content/Functions/MaterialLayerFunctions/MatLayerBlend_Simple.uasset" 403
"../../../../../../Users/user/Documents/Unreal Projects/TutoNico/Content/Mannequin/Character/Materials/MaterialLayers/T_ML_Rubber_Blue_01_D.uasset" 404
"../../../../../../Users/user/Documents/Unreal Projects/TutoNico/Content/Mannequin/Character/Materials/MaterialLayers/T_ML_Rubber_Blue_01_N.uasset" 405
"../../../../../../Users/user/Documents/Unreal Projects/TutoNico/Content/Mannequin/Character/Materials/MaterialLayers/ML_GlossyBlack_Latex_UE4.uasset" 406
"../../../../../../Users/user/Documents/Unreal Projects/TutoNico/Content/Mannequin/Character/Materials/MaterialLayers/ML_Plastic_Shiny_Beige.uasset" 407
"../../../../../../Users/user/Documents/Unreal Projects/TutoNico/Content/Mannequin/Character/Textures/UE4_LOGO_CARD.uasset" 408
"../../../../../../Users/user/Documents/Unreal Projects/TutoNico/Content/Mannequin/Character/Materials/MaterialLayers/ML_Plastic_Shiny_Beige_LOGO.uasset" 409
"../../../../../../Users/user/Documents/Unreal Projects/TutoNico/Content/Mannequin/Character/Materials/MaterialLayers/T_ML_Aluminum01.uasset" 410
"../../../../../../Users/user/Documents/Unreal Projects/TutoNico/Content/Mannequin/Character/Materials/MaterialLayers/T_ML_Aluminum01_N.uasset" 411
"../../../../../../Users/user/Documents/Unreal Projects/TutoNico/Content/Mannequin/Character/Materials/MaterialLayers/ML_SoftMetal_UE4.uasset" 412
"../../../../../../Users/user/Documents/Unreal Projects/TutoNico/Content/Mannequin/Character/Textures/UE4_Mannequin__normals.uasset" 413
"../../../../../../Users/user/Documents/Unreal Projects/TutoNico/Content/Mannequin/Character/Textures/UE4_Mannequin_MAT_MASKA.uasset" 414
"../../../../../../Users/user/Documents/Unreal Projects/TutoNico/Content/Mannequin/Character/Materials/M_UE4Man_Body.uasset" 415
"../../../../../../Users/user/Documents/Unreal Projects/TutoNico/Content/Mannequin/Character/Textures/UE4Man_Logo_N.uasset" 416
"../../../../../../Users/user/Documents/Unreal Projects/TutoNico/Content/Mannequin/Character/Materials/M_UE4Man_ChestLogo.uasset" 417
"../../../../../../Users/user/Documents/Unreal Projects/TutoNico/Content/Mannequin/Character/Mesh/SK_Mannequin_PhysicsAsset.uasset" 418
"../../../../../../Users/user/Documents/Unreal Projects/TutoNico/Content/Mannequin/Character/Mesh/SK_Mannequin.uasset" 419
"../../../../../../Users/user/Documents/Unreal Projects/TutoNico/Content/ThirdPersonBP/Blueprints/ThirdPersonCharacter.uasset" 420
"../../../../../../Users/user/Documents/Unreal Projects/TutoNico/Content/ThirdPersonBP/Blueprints/ThirdPersonGameMode.uasset" 421
"../../Plugins/2D/Paper2D/Content/PlaceholderTextures/DummySpriteTexture.uasset" 422
"../../Plugins/2D/Paper2D/Content/DummySprite.uasset" 423
"../../Plugins/2D/Paper2D/Content/DefaultPaperTerrainMaterial.uasset" 424
"../../Plugins/2D/Paper2D/Content/DefaultSpriteMaterial.uasset" 425
"../../Plugins/2D/Paper2D/Content/MaskedUnlitSpriteMaterial.uasset" 426
"../../Plugins/2D/Paper2D/Content/OpaqueUnlitSpriteMaterial.uasset" 427
"../../Plugins/Enterprise/DatasmithContent/Content/Blueprints/FBXImporter/ArrayOfActor.uasset" 428
"../../Plugins/Enterprise/DatasmithContent/Content/Blueprints/FBXImporter/ArrayOfSwitch.uasset" 429
"../../Plugins/Enterprise/DatasmithContent/Content/Blueprints/FBXImporter/BP_SceneNode.uasset" 430
"../../Plugins/Enterprise/DatasmithContent/Content/Blueprints/FBXImporter/BP_Switch.uasset" 431
"../../Plugins/Enterprise/DatasmithContent/Content/Blueprints/FBXImporter/BP_SceneRoot.uasset" 432
"../../Plugins/Enterprise/DatasmithContent/Content/Blueprints/FBXImporter/FBXImporterUtils.uasset" 433
"../../Plugins/Enterprise/DatasmithContent/Content/Blueprints/FBXImporter/Animation/DeltaGenAnimationTrackType.uasset" 434
"../../Plugins/Enterprise/DatasmithContent/Content/Blueprints/FBXImporter/Animation/VREDAnimationTrackComponent.uasset" 435
"../../Plugins/Enterprise/DatasmithContent/Content/Blueprints/FBXImporter/Animation/VREDAnimationTrackType.uasset" 436
"../../Plugins/Enterprise/DatasmithContent/Content/Blueprints/FBXImporter/Animation/VREDAnimCurveComponent.uasset" 437
"../../Plugins/Enterprise/DatasmithContent/Content/Blueprints/FBXImporter/Animation/VREDAnimCurveType.uasset" 438
"../../Plugins/Enterprise/DatasmithContent/Content/Blueprints/FBXImporter/Variants/VariantSwitchType.uasset" 439
"../../Plugins/Enterprise/DatasmithContent/Content/Blueprints/FBXImporter/Variants/VREDVariantSwitchType.uasset" 440
"../../Plugins/Enterprise/DatasmithContent/Content/Blueprints/FBXImporter/Variants/VREDVariantType.uasset" 441
"../../Plugins/Runtime/Oculus/OculusVR/Content/OculusMR_RenderTarget.uasset" 442
"../../../Engine/Content/Functions/Engine_MaterialFunctions02/Utility/BreakOutFloat4Components.uasset" 443
"../../Plugins/Runtime/Oculus/OculusVR/Content/Materials/OculusMR_ChromaKey.uasset" 444
"../../Plugins/Runtime/Oculus/OculusVR/Content/Materials/OculusMR_ChromaKey_Lit.uasset" 445
"../../Plugins/Runtime/Oculus/OculusVR/Content/Materials/OculusMR_OpaqueColoredMaterial.uasset" 446
"../../Plugins/Runtime/Oculus/OculusVR/Content/Materials/OculusMR_WhiteMaterial.uasset" 447
"../../Plugins/Runtime/Oculus/OculusVR/Content/Materials/PokeAHoleMaterial.uasset" 448
"../../Plugins/Runtime/Oculus/OculusVR/Content/Textures/GearVRController_AO.uasset" 449
"../../Plugins/Runtime/Oculus/OculusVR/Content/Textures/GearVRController_Color.uasset" 450
"../../Plugins/Runtime/Oculus/OculusVR/Content/Textures/GearVRController_Normal.uasset" 451
"../../Plugins/Runtime/Oculus/OculusVR/Content/Materials/GearVRControllerMaterial.uasset" 452
"../../Plugins/Runtime/Oculus/OculusVR/Content/Meshes/GearVrController.uasset" 453
"../../Plugins/Runtime/Oculus/OculusVR/Content/Textures/touchController_albedo.uasset" 454
"../../Plugins/Runtime/Oculus/OculusVR/Content/Textures/touchController_controlmap.uasset" 455
"../../Plugins/Runtime/Oculus/OculusVR/Content/Materials/touchController_mat.uasset" 456
"../../Plugins/Runtime/Oculus/OculusVR/Content/Meshes/LeftTouchController.uasset" 457
"../../Plugins/Runtime/Oculus/OculusVR/Content/Meshes/RiftHMD.uasset" 458
"../../Plugins/Runtime/Oculus/OculusVR/Content/Meshes/RightTouchController.uasset" 459
"../../../../../../Users/user/Documents/Unreal Projects/TutoNico/Content/StarterContent/Textures/T_Lamp_M.uasset" 460
"../../../../../../Users/user/Documents/Unreal Projects/TutoNico/Content/StarterContent/Textures/T_Lamp_N.uasset" 461
"../../../../../../Users/user/Documents/Unreal Projects/TutoNico/Content/StarterContent/Props/Materials/M_Lamp.uasset" 462
"../../../../../../Users/user/Documents/Unreal Projects/TutoNico/Content/StarterContent/Props/SM_Lamp_Ceiling.uasset" 463
"../../../../../../Users/user/Documents/Unreal Projects/TutoNico/Content/Blueprints/Lampe_BP_on_off.uasset" 464
"../../../../../../Users/user/Documents/Unreal Projects/TutoNico/Content/Blueprints/Lampe_BP.uasset" 465
"../../../Engine/Content/Maps/Entry_BuiltData.uasset" 466
"../../../Engine/Content/Maps/Entry.umap" 467
"../../../Engine/Content/EngineSky/C_Sky_Cloud_Color.uasset" 468
"../../../Engine/Content/EngineSky/C_Sky_Horizon_Color.uasset" 469
"../../../Engine/Content/EngineSky/C_Sky_Zenith_Color.uasset" 470
"../../../Engine/Content/EngineSky/T_Sky_Blue.uasset" 471
"../../../Engine/Content/EngineSky/T_Sky_Clouds_M.uasset" 472
"../../../Engine/Content/EngineSky/T_Sky_Stars.uasset" 473
"../../../Engine/Content/EngineSky/M_Sky_Panning_Clouds2.uasset" 474
"../../../Engine/Content/EngineSky/SM_SkySphere.uasset" 475
"../../../Engine/Content/EngineSky/BP_Sky_Sphere.uasset" 476
"../../../../../../Users/user/Documents/Unreal Projects/TutoNico/Content/Blueprints/Lampe_BP_intensity.uasset" 477
"../../../../../../Users/user/Documents/Unreal Projects/TutoNico/Content/Levels/Monde1/ForetLevel_sharedassets/Dirt_LayerInfo.uasset" 478
"../../../../../../Users/user/Documents/Unreal Projects/TutoNico/Content/Levels/Monde1/ForetLevel_sharedassets/Grass_LayerInfo.uasset" 479
"../../../../../../Users/user/Documents/Unreal Projects/TutoNico/Content/Levels/Monde1/ForetLevel_sharedassets/Rock_LayerInfo.uasset" 480
"../../../../../../Users/user/Documents/Unreal Projects/TutoNico/Content/Levels/Monde1/ForetLevel_BuiltData.uasset" 481
"../../../../../../Users/user/Documents/Unreal Projects/TutoNico/Content/Textures/Rock_BaseColor.uasset" 482
"../../../../../../Users/user/Documents/Unreal Projects/TutoNico/Content/Textures/Rock_BaseColor_Mat.uasset" 483
"../../../../../../Users/user/Documents/Unreal Projects/TutoNico/Content/Textures/Dirt_BaseColor.uasset" 484
"../../../../../../Users/user/Documents/Unreal Projects/TutoNico/Content/Textures/Dirt_Normal.uasset" 485
"../../../../../../Users/user/Documents/Unreal Projects/TutoNico/Content/Textures/Grass_BaseColor.uasset" 486
"../../../../../../Users/user/Documents/Unreal Projects/TutoNico/Content/Textures/Grass_Normal.uasset" 487
"../../../../../../Users/user/Documents/Unreal Projects/TutoNico/Content/Textures/Rock_Normal.uasset" 488
"../../../../../../Users/user/Documents/Unreal Projects/TutoNico/Content/Textures/TerrainMat.uasset" 489
"../../../Engine/Content/BasicShapes/Cube.uasset" 490
"../../../../../../Users/user/Documents/Unreal Projects/TutoNico/Content/Foliage/Arbres/Tronc_BaseColor.uasset" 491
"../../../../../../Users/user/Documents/Unreal Projects/TutoNico/Content/Foliage/Arbres/Tronc_Normal.uasset" 492
"../../../../../../Users/user/Documents/Unreal Projects/TutoNico/Content/Foliage/Arbres/Bois.uasset" 493
"../../../Engine/Content/Functions/Engine_MaterialFunctions01/WorldPositionOffset/SimpleGrassWind.uasset" 494
"../../../../../../Users/user/Documents/Unreal Projects/TutoNico/Content/Foliage/Arbres/Feuille_BaseColor.uasset" 495
"../../../../../../Users/user/Documents/Unreal Projects/TutoNico/Content/Foliage/Arbres/Feuilles.uasset" 496
"../../../../../../Users/user/Documents/Unreal Projects/TutoNico/Content/Foliage/Arbres/Tree01.uasset" 497
"../../../../../../Users/user/Documents/Unreal Projects/TutoNico/Content/Foliage/Arbres/Tree02.uasset" 498
"../../../../../../Users/user/Documents/Unreal Projects/TutoNico/Content/Foliage/Arbres/Tree03.uasset" 499
"../../../../../../Users/user/Documents/Unreal Projects/TutoNico/Content/Foliage/Herbe/HerbePng.uasset" 500
"../../../../../../Users/user/Documents/Unreal Projects/TutoNico/Content/Foliage/Herbe/Grass1.uasset" 501
"../../../../../../Users/user/Documents/Unreal Projects/TutoNico/Content/Foliage/Herbe/Grass.uasset" 502
"../../../../../../Users/user/Documents/Unreal Projects/TutoNico/Content/Foliage/Pierres/Rock01/Rock01_BaseColor.uasset" 503
"../../../../../../Users/user/Documents/Unreal Projects/TutoNico/Content/Foliage/Pierres/Rock01/Rock01_Normal.uasset" 504
"../../../../../../Users/user/Documents/Unreal Projects/TutoNico/Content/Foliage/Pierres/Rock01/Rock01_OcclusionRoughnessMetallic.uasset" 505
"../../../../../../Users/user/Documents/Unreal Projects/TutoNico/Content/Foliage/Pierres/Rock01/Rock01_mat.uasset" 506
"../../../../../../Users/user/Documents/Unreal Projects/TutoNico/Content/Foliage/Pierres/Rock01/Rock01.uasset" 507
"../../../../../../Users/user/Documents/Unreal Projects/TutoNico/Content/Foliage/Pierres/Rock02/Rock02_BaseColor.uasset" 508
"../../../../../../Users/user/Documents/Unreal Projects/TutoNico/Content/Foliage/Pierres/Rock02/Rock02_Normal.uasset" 509
"../../../../../../Users/user/Documents/Unreal Projects/TutoNico/Content/Foliage/Pierres/Rock02/Rock02_OcclusionRoughnessMetallic.uasset" 510
"../../../../../../Users/user/Documents/Unreal Projects/TutoNico/Content/Foliage/Pierres/Rock02/Rock02_mat.uasset" 511
"../../../../../../Users/user/Documents/Unreal Projects/TutoNico/Content/Foliage/Pierres/Rock02/Rock02.uasset" 512
"../../../../../../Users/user/Documents/Unreal Projects/TutoNico/Content/Levels/Monde1/ForetLevel.umap" 513
"../../../../../../Users/user/Documents/Unreal Projects/TutoNico/Content/ThirdPersonBP/Maps/ThirdPersonExampleMap_BuiltData.uasset" 514
"../../../Engine/Content/BasicShapes/BasicShapeMaterial.uasset" 515
"../../../Engine/Content/BasicShapes/Cone.uasset" 516
"../../../Engine/Content/BasicShapes/Sphere.uasset" 517
"../../../../../../Users/user/Documents/Unreal Projects/TutoNico/Content/Geometry/Meshes/CubeMaterial.uasset" 518
"../../../../../../Users/user/Documents/Unreal Projects/TutoNico/Content/Geometry/Meshes/1M_Cube.uasset" 519
"../../../../../../Users/user/Documents/Unreal Projects/TutoNico/Content/Geometry/Meshes/1M_Cube_Chamfer.uasset" 520
"../../../../../../Users/user/Documents/Unreal Projects/TutoNico/Content/Geometry/Meshes/TemplateFloor.uasset" 521
"../../../../../../Users/user/Documents/Unreal Projects/TutoNico/Content/StarterContent/Textures/T_Fire_SubUV.uasset" 522
"../../../../../../Users/user/Documents/Unreal Projects/TutoNico/Content/StarterContent/Textures/T_Fire_Tiled_D.uasset" 523
"../../../../../../Users/user/Documents/Unreal Projects/TutoNico/Content/StarterContent/Particles/Materials/M_Fire_SubUV.uasset" 524
"../../../../../../Users/user/Documents/Unreal Projects/TutoNico/Content/StarterContent/Textures/T_Water_N.uasset" 525
"../../../../../../Users/user/Documents/Unreal Projects/TutoNico/Content/StarterContent/Particles/Materials/M_Heat_Distortion.uasset" 526
"../../../../../../Users/user/Documents/Unreal Projects/TutoNico/Content/StarterContent/Particles/Materials/M_Radial_Gradient.uasset" 527
"../../../../../../Users/user/Documents/Unreal Projects/TutoNico/Content/StarterContent/Textures/T_Smoke_SubUV.uasset" 528
"../../../../../../Users/user/Documents/Unreal Projects/TutoNico/Content/StarterContent/Textures/T_Smoke_Tiled_D.uasset" 529
"../../../../../../Users/user/Documents/Unreal Projects/TutoNico/Content/StarterContent/Particles/Materials/M_smoke_subUV.uasset" 530
"../../../../../../Users/user/Documents/Unreal Projects/TutoNico/Content/StarterContent/Particles/P_Fire.uasset" 531
"../../../../../../Users/user/Documents/Unreal Projects/TutoNico/Content/ThirdPerson/Meshes/RampMaterial.uasset" 532
"../../../../../../Users/user/Documents/Unreal Projects/TutoNico/Content/ThirdPerson/Meshes/Bump_StaticMesh.uasset" 533
"../../../../../../Users/user/Documents/Unreal Projects/TutoNico/Content/ThirdPerson/Meshes/LeftArm_StaticMesh.uasset" 534
"../../../../../../Users/user/Documents/Unreal Projects/TutoNico/Content/ThirdPerson/Meshes/Linear_Stair_StaticMesh.uasset" 535
"../../../../../../Users/user/Documents/Unreal Projects/TutoNico/Content/ThirdPerson/Meshes/Ramp_StaticMesh.uasset" 536
"../../../../../../Users/user/Documents/Unreal Projects/TutoNico/Content/ThirdPerson/Meshes/RightArm_StaticMesh.uasset" 537
"../../../../../../Users/user/Documents/Unreal Projects/TutoNico/Content/ThirdPersonBP/Maps/ThirdPersonExampleMap.umap" 538
